#
# A fatal error has been detected by the Java Runtime Environment:
#
#  Internal Error (javaClasses.cpp:136), pid=19144, tid=21568
#  fatal error: Invalid layout of preloaded class
#
# JRE version:  (7.0_45-b18) (build )
# Java VM: Java HotSpot(TM) 64-Bit Server VM (24.45-b08 mixed mode windows-amd64 compressed oops)
# Failed to write core dump. Minidumps are not enabled by default on client versions of Windows
#
# If you would like to submit a bug report, please visit:
#   http://bugreport.sun.com/bugreport/crash.jsp
#

---------------  T H R E A D  ---------------

Current thread (0x00000000029f0800):  JavaThread "Unknown thread" [_thread_in_vm, id=21568, stack(0x0000000002880000,0x0000000002980000)]

Stack: [0x0000000002880000,0x0000000002980000]

---------------  P R O C E S S  ---------------

Java Threads: ( => current thread )

Other Threads:

=>0x00000000029f0800 (exited) JavaThread "Unknown thread" [_thread_in_vm, id=21568, stack(0x0000000002880000,0x0000000002980000)]

VM state:not at safepoint (not fully initialized)

VM Mutex/Monitor currently owned by a thread: None

GC Heap History (0 events):
No events

Deoptimization events (0 events):
No events

Internal exceptions (0 events):
No events

Events (10 events):
Event: 0.063 loading class 0x0000000002a309d0 done
Event: 0.063 loading class 0x0000000002a303f0 done
Event: 0.063 loading class 0x0000000002a303d0
Event: 0.064 loading class 0x0000000002a384d0
Event: 0.083 loading class 0x0000000002a384d0 done
Event: 0.083 loading class 0x0000000002a38500
Event: 0.084 loading class 0x0000000002a38500 done
Event: 0.084 loading class 0x0000000002a38530
Event: 0.084 loading class 0x0000000002a38530 done
Event: 0.084 loading class 0x0000000002a303d0 done


Dynamic libraries:
0x000007f6087d0000 - 0x000007f608803000 	C:\Program Files\Java\jre7\bin\javaw.exe
0x000007f9f9ba0000 - 0x000007f9f9d60000 	C:\WINDOWS\SYSTEM32\ntdll.dll
0x000007f9f8840000 - 0x000007f9f8976000 	C:\WINDOWS\system32\KERNEL32.DLL
0x000007f9f6bd0000 - 0x000007f9f6cc3000 	C:\WINDOWS\system32\KERNELBASE.dll
0x000007f9f9690000 - 0x000007f9f976e000 	C:\WINDOWS\system32\ADVAPI32.dll
0x000007f9f90f0000 - 0x000007f9f923c000 	C:\WINDOWS\system32\USER32.dll
0x000007f9f3850000 - 0x000007f9f3aba000 	C:\WINDOWS\WinSxS\amd64_microsoft.windows.common-controls_6595b64144ccf1df_6.0.9200.16579_none_418ab7ef718b27ef\COMCTL32.dll
0x000007f9f8e40000 - 0x000007f9f8ee5000 	C:\WINDOWS\system32\msvcrt.dll
0x000007f9f6f90000 - 0x000007f9f6fd8000 	C:\WINDOWS\SYSTEM32\sechost.dll
0x000007f9f8ef0000 - 0x000007f9f9035000 	C:\WINDOWS\system32\RPCRT4.dll
0x000007f9f93a0000 - 0x000007f9f94e1000 	C:\WINDOWS\system32\GDI32.dll
0x000007f9f97d0000 - 0x000007f9f9809000 	C:\WINDOWS\system32\IMM32.DLL
0x000007f9f7230000 - 0x000007f9f7346000 	C:\WINDOWS\system32\MSCTF.dll
0x0000000074ef0000 - 0x0000000074fc2000 	C:\Program Files\Java\jre7\bin\msvcr100.dll
0x0000000074720000 - 0x0000000074ee9000 	C:\Program Files\Java\jre7\bin\server\jvm.dll
0x000007f9f0970000 - 0x000007f9f0979000 	C:\WINDOWS\SYSTEM32\WSOCK32.dll
0x000007f9f2610000 - 0x000007f9f2630000 	C:\WINDOWS\SYSTEM32\WINMM.dll
0x000007f9f9810000 - 0x000007f9f9817000 	C:\WINDOWS\system32\PSAPI.DLL
0x000007f9f9770000 - 0x000007f9f97c8000 	C:\WINDOWS\system32\WS2_32.dll
0x000007f9f18a0000 - 0x000007f9f18d3000 	C:\WINDOWS\SYSTEM32\WINMMBASE.dll
0x000007f9f9b90000 - 0x000007f9f9b99000 	C:\WINDOWS\system32\NSI.dll
0x000007f9f6f40000 - 0x000007f9f6f8f000 	C:\WINDOWS\SYSTEM32\cfgmgr32.dll
0x000007f9f6cd0000 - 0x000007f9f6cf2000 	C:\WINDOWS\system32\DEVOBJ.dll
0x0000000076080000 - 0x000000007608f000 	C:\Program Files\Java\jre7\bin\verify.dll
0x0000000075c30000 - 0x0000000075c58000 	C:\Program Files\Java\jre7\bin\java.dll
0x0000000076060000 - 0x0000000076075000 	C:\Program Files\Java\jre7\bin\zip.dll

VM Arguments:
jvm_args: -Dfile.encoding=Cp1252 -Xbootclasspath:C:\Program Files\sdk\platforms\android-19\android.jar 
java_command: Analyse.Essai
Launcher Type: SUN_STANDARD

Environment Variables:
PATH=C:\Program Files (x86)\Intel\iCLS Client\;C:\Program Files\Intel\iCLS Client\;C:\WINDOWS\system32;C:\WINDOWS;C:\WINDOWS\System32\Wbem;C:\WINDOWS\System32\WindowsPowerShell\v1.0\;C:\Program Files (x86)\Windows Live\Shared;C:\Program Files\Intel\Intel(R) Management Engine Components\DAL;C:\Program Files\Intel\Intel(R) Management Engine Components\IPT;C:\Program Files (x86)\Intel\Intel(R) Management Engine Components\DAL;C:\Program Files (x86)\Intel\Intel(R) Management Engine Components\IPT;C:\Program Files (x86)\Intel\OpenCL SDK\2.0\bin\x86;C:\Program Files (x86)\Intel\OpenCL SDK\2.0\bin\x64;C:\Program Files\Diskeeper Corporation\ExpressCache\;C:\Program Files\MATLAB\R2013a\runtime\win64;C:\Program Files\MATLAB\R2013a\bin;C:\Programmes\sdk
USERNAME=Mélissa
OS=Windows_NT
PROCESSOR_IDENTIFIER=Intel64 Family 6 Model 58 Stepping 9, GenuineIntel



---------------  S Y S T E M  ---------------

OS: Windows 8 , 64 bit Build 9200 

CPU:total 4 (2 cores per cpu, 2 threads per core) family 6 model 58 stepping 9, cmov, cx8, fxsr, mmx, sse, sse2, sse3, ssse3, sse4.1, sse4.2, popcnt, avx, aes, erms, ht, tsc, tscinvbit, tscinv

Memory: 4k page, physical 4077256k(686596k free), swap 5846728k(1500580k free)

vm_info: Java HotSpot(TM) 64-Bit Server VM (24.45-b08) for windows-amd64 JRE (1.7.0_45-b18), built on Oct  8 2013 05:47:22 by "java_re" with unknown MS VC++:1600

time: Tue Apr 08 09:54:25 2014
elapsed time: 0 seconds

